selfie to anime
frechet_inception_distance: 99.29685
kernel_inception_distance_mean: 0.0322461
kernel_inception_distance_std: 0.002597853
anime to selfie
frechet_inception_distance: 257.788
kernel_inception_distance_mean: 0.1465862
kernel_inception_distance_std: 0.01127214
male to female
frechet_inception_distance: 10.0503
kernel_inception_distance_mean: 0.006266759
kernel_inception_distance_std: 0.0005934005
female to male
frechet_inception_distance: 56.83375
kernel_inception_distance_mean: 0.06025821
kernel_inception_distance_std: 0.001989031
remove glasses
frechet_inception_distance: 16.78523
kernel_inception_distance_mean: 0.006930288
kernel_inception_distance_std: 0.0005649118
add glasses
frechet_inception_distance: 49.79407
kernel_inception_distance_mean: 0.04145443
kernel_inception_distance_std: 0.001795198
